<?xml version="1.0" encoding="UTF-8"?>
<!-- Generated by org.testng.reporters.JUnitXMLReporter -->
<testsuite hostname="DESKTOP-2I5VKIH" ignored="0" name="Test" tests="6" failures="0" timestamp="07 Oct 2020 05:31:54 GMT" time="55.794" errors="0">
  <testcase name="imp1" time="0.009" classname="TestCases.imp"/>
  <testcase name="imp123" time="0.002" classname="TestCases.imp2"/>
  <testcase name="impso" time="0.005" classname="TestCases.imp3"/>
  <testcase name="imp2" time="0.011" classname="TestCases.imp"/>
  <testcase name="imp456" time="0.005" classname="TestCases.imp2"/>
  <testcase name="p2" time="0.001" classname="TestCases.imp3"/>
</testsuite> <!-- Test -->
